
ROM used:   659/8192 (8%)
            659/8192 (8%) including unused fragments

            0.1 Average locations per line
            0.7 Average locations per statement

RAM used:   24/368 (7%) at main() level
            40/368 (11%) worst case

Stack used: 5 worst case (5 in main + 0 for interrupts)
Stack size: 8

Lines Stmts  %   Files
----- ----- ---  -----
   77    24   2  rsa.c
  768     0   0  C:\Program Files (x86)\PICC\Devices\16F887.H
  423   125  12  C:\Program Files (x86)\PICC\Drivers\STRING.H
   32     0   0  C:\Program Files (x86)\PICC\Drivers\stddef.h
   28     0   0  C:\Program Files (x86)\PICC\Drivers\ctype.h
 1351   359  36  C:\Program Files (x86)\PICC\Drivers\STDLIB.H
  423     0   0  C:\Program Files (x86)\PICC\Drivers\string.h
   37     0   0  C:\Program Files (x86)\PICC\Drivers\STDIO.H
  154     0   0  C:\Program Files (x86)\PICC\Drivers\TIME.h
  326   128  13  C:\Program Files (x86)\PICC\Drivers\stdlibm.h
   76    13   1  C:\Program Files (x86)\PICC\Drivers\memmgmt.c
 2229   257  26  C:\Program Files (x86)\PICC\Drivers\MATH.H
 2229     0   0  C:\Program Files (x86)\PICC\Drivers\math.h
  456   100  10  C:\Program Files (x86)\PICC\Drivers\LCD.C
----- -----
 8609  1006 Total

Page ROM  %  RAM   Vol Diff  Functions:
---- --- --- ---   --- ----  ----------
0     20   3    1   370  2.7  @delay_ms1
 Inline         3   760  4.5  lcd_read_byte
0     49   7    2   262  3.7  lcd_read_nibble
0     48   7    1   399  2.4  lcd_send_nibble
0     94  14    3   415  3.7  lcd_send_byte
0     70  11    6   852  6.2  lcd_init
0     18   3    4   208  6.3  lcd_gotoxy
0     44   7    1   354  4.7  lcd_putc
0     75  11    5   227  4.6  ENCODE
 Inline         2   102  3.8  @PSTRINGR_1161
0    146  22    4   370  2.7  MAIN
0      3   0    0   237  4.1  @const1192
0     88  13    4   370  2.7  @PSTRINGC7_1161
 Inline         0             @cinit1

Program metrics:
    Functions               13
    Statements              1006
    Comments                1355
    Volume (V)              8127
    Difficulty (D)          51.4
    Effort to implement (E) 417918
    Time to implement (T)   6 hours, 27 minutes
    Est Delivered Bugs (B)  2
    Cyclomatic Complexity   10
    Maintainability (MI)    61

 Segment     Used  Free
-----------  ----  ----
00000-00003     4  0  
00004-007FF   655  1389  
00800-00FFF     0  2048  
01000-017FF     0  2048  
01800-01FFF     0  2048  



