
ROM used:   3581/8192 (44%)
            3659/8192 (45%) including unused fragments

            0.9 Average locations per line
            4.1 Average locations per statement

RAM used:   220/368 (60%) at main() level
            265/368 (72%) worst case

Stack used: 8 worst case (7 in main + 1 for interrupts)
Stack size: 8

Lines Stmts  %   Files
----- ----- ---  -----
  505   279  32  hellopic.c
  768     0   0  C:\Program Files (x86)\PICC\Devices\16F887.H
  423   125  14  C:\Program Files (x86)\PICC\Drivers\STRING.H
   32     0   0  C:\Program Files (x86)\PICC\Drivers\stddef.h
   28     0   0  C:\Program Files (x86)\PICC\Drivers\ctype.h
 1351   359  42  C:\Program Files (x86)\PICC\Drivers\STDLIB.H
  423     0   0  C:\Program Files (x86)\PICC\Drivers\string.h
   37     0   0  C:\Program Files (x86)\PICC\Drivers\STDIO.H
  456   100  12  C:\Program Files (x86)\PICC\Drivers\LCD.C
----- -----
 4023   863 Total

Page ROM  %  RAM   Vol Diff  Functions:
---- --- --- ---   --- ----  ----------
0     62   2    9   272  5.5  strcat
 Inline         2             @ITOF
 Inline        14             @DIVFF
0    288   8   27  1075 11.2  itoa
 Inline        13             @MUL3232
0    158   4   14             @DIVS3232
0     20   1    1             @delay_ms1
 Inline         3   760  4.5  lcd_read_byte
0     67   2    2   262  3.7  lcd_read_nibble
0     72   2    1   399  2.4  lcd_send_nibble
0    123   3    3   415  3.7  lcd_send_byte
0    102   3    6   852  6.2  lcd_init
0     20   1    4   208  6.3  lcd_gotoxy
0     58   2    1   354  4.7  lcd_putc
 Inline         1   490  4.6  CHON_ID
0      9   0    0   625  5.2  @const974
0     80   2    4             @PSTRINGC7_921
0     29   1    2             @PSTRINGR_921
 Inline         1  1021  6.2  CONFIG_DEVICE
0      9   0    0  1021  6.2  @const978
0     25   1    5             @READBITA
0     34   1    6             @WRITEBITA
 Inline         1  1021  6.2  CONFIG_SENSOR
0      9   0    0  1021  6.2  @const988
 Inline         2   292  4.0  NHAPID_GW
0      9   0    0   292  4.0  @const991
0      9   0    0   292  4.0  @const992
 Inline         0    50  1.5  BUTT_OKE
1    705  20    0   184  3.4  SELLECT_FUN
1      8   0    0   184  3.4  @goto12020
0    134   4    1   896  7.1  BUTT_FUN
0      9   0    0   896  7.1  @const997
0      9   0    0   896  7.1  @const998
0      5   0    0             @const999
0      5   0    0             @const1000
0      5   0    0             @const1001
0      5   0    0             @const1002
0      8   0    0   384  5.0  @goto12055
 Inline         2   254  5.0  XULYDEVICE_CF
 Inline         2   254  5.0  XULYSENSOR_CF
1    350  10    2  1009  4.3  CONFIG_DONE
0      5   0    0   417  5.0  @const1009
0     30   1    2   603  4.2  @PSTRINGR_9600_62_63
0      6   0    0             @const1014
0      6   0    0             @const1015
 Inline         1   292  5.0  QUET_PHIM
0     55   2    0    12  0.8  NGAT_NGOAI
0     30   1    2   163  3.9  NGAT
0     23   1    0    88  1.7  XUATLCD
0    340   9    1   251  5.0  ADC_READ
 Inline         4   251  5.0  @SFTOI
0     24   1    0   102  2.9  CHUONG_TRINH_CON
1    548  15    2  1601  8.8  MAIN
 Inline         0  1601  8.8  @cinit1

Program metrics:
    Functions               39
    Statements              863
    Comments                765
    Volume (V)              38708
    Difficulty (D)          195.8
    Effort to implement (E) 7579999
    Time to implement (T)   116 hours, 59 minutes
    Est Delivered Bugs (B)  13
    Cyclomatic Complexity   90
    Maintainability (MI)    112

 Segment     Used  Free
-----------  ----  ----
00000-00003     4  0  
00004-00057    84  0  
00058-007FF  1882  78  
00800-00FFF  1611  437  
01000-017FF     0  2048  
01800-01FFF     0  2048  



